<?xml version="1.0" encoding="UTF-8"?>
<coverage generated="1756864600172" clover="3.2.0">
  <project timestamp="1756864600172" name="All files">
    <metrics statements="28" coveredstatements="28" conditionals="6" coveredconditionals="6" methods="8" coveredmethods="8" elements="42" coveredelements="42" complexity="0" loc="28" ncloc="28" packages="1" files="2" classes="2"/>
    <file name="app.ts" path="C:\Users\ikeuz\OneDrive\Desktop\!Project\incident-reporting-api\src\app.ts">
      <metrics statements="20" coveredstatements="20" conditionals="6" coveredconditionals="6" methods="3" coveredmethods="3"/>
      <line num="1" count="1" type="stmt"/>
      <line num="2" count="1" type="stmt"/>
      <line num="3" count="1" type="stmt"/>
      <line num="4" count="1" type="stmt"/>
      <line num="7" count="1" type="stmt"/>
      <line num="8" count="1" type="stmt"/>
      <line num="11" count="1" type="stmt"/>
      <line num="12" count="5" type="stmt"/>
      <line num="13" count="5" type="cond" truecount="4" falsecount="0"/>
      <line num="14" count="2" type="stmt"/>
      <line num="16" count="3" type="stmt"/>
      <line num="17" count="3" type="stmt"/>
      <line num="21" count="1" type="stmt"/>
      <line num="22" count="2" type="stmt"/>
      <line num="26" count="1" type="stmt"/>
      <line num="27" count="2" type="stmt"/>
      <line num="28" count="2" type="cond" truecount="2" falsecount="0"/>
      <line num="29" count="1" type="stmt"/>
      <line num="31" count="1" type="stmt"/>
      <line num="34" count="1" type="stmt"/>
    </file>
    <file name="storage.ts" path="C:\Users\ikeuz\OneDrive\Desktop\!Project\incident-reporting-api\src\storage.ts">
      <metrics statements="8" coveredstatements="8" conditionals="0" coveredconditionals="0" methods="5" coveredmethods="5"/>
      <line num="5" count="1" type="stmt"/>
      <line num="10" count="3" type="stmt"/>
      <line num="17" count="3" type="stmt"/>
      <line num="18" count="3" type="stmt"/>
      <line num="22" count="9" type="stmt"/>
      <line num="26" count="3" type="stmt"/>
      <line num="30" count="2" type="stmt"/>
      <line num="33" count="1" type="stmt"/>
    </file>
  </project>
</coverage>
