TN:
SF:src\app.ts
FN:11,(anonymous_0)
FN:21,(anonymous_1)
FN:26,(anonymous_2)
FNF:3
FNH:3
FNDA:5,(anonymous_0)
FNDA:2,(anonymous_1)
FNDA:2,(anonymous_2)
DA:1,1
DA:2,1
DA:3,1
DA:4,1
DA:7,1
DA:8,1
DA:11,1
DA:12,5
DA:13,5
DA:14,2
DA:16,3
DA:17,3
DA:21,1
DA:22,2
DA:26,1
DA:27,2
DA:28,2
DA:29,1
DA:31,1
DA:34,1
LF:20
LH:20
BRDA:13,0,0,2
BRDA:13,0,1,3
BRDA:13,1,0,5
BRDA:13,1,1,4
BRDA:28,2,0,1
BRDA:28,2,1,1
BRF:6
BRH:6
end_of_record
TN:
SF:src\storage.ts
FN:9,createIncident
FN:21,getIncidents
FN:25,generateGuid
FN:29,getIncidentById
FN:30,(anonymous_4)
FNF:5
FNH:5
FNDA:3,createIncident
FNDA:9,getIncidents
FNDA:3,generateGuid
FNDA:2,getIncidentById
FNDA:1,(anonymous_4)
DA:5,1
DA:10,3
DA:17,3
DA:18,3
DA:22,9
DA:26,3
DA:30,2
DA:33,1
LF:8
LH:8
BRF:0
BRH:0
end_of_record
